<?xml version="1.0" encoding="UTF-8"?>
<testsuite xmlns:xsi="http://www.w3.org/2001/XMLSchema-instance" xsi:noNamespaceSchemaLocation="https://maven.apache.org/surefire/maven-surefire-plugin/xsd/surefire-test-report-3.0.xsd" version="3.0" name="geocoding.AddressResolverTest" time="0.669" tests="2" errors="0" skipped="0" failures="0">
  <properties>
    <property name="java.specification.version" value="17"/>
    <property name="sun.jnu.encoding" value="UTF-8"/>
    <property name="java.class.path" value="/home/rafael/Documentos/TQS_107476/lab_2/lab2_3/gs-mockForHttpClient/target/test-classes:/home/rafael/Documentos/TQS_107476/lab_2/lab2_3/gs-mockForHttpClient/target/classes:/home/rafael/.m2/repository/org/junit/jupiter/junit-jupiter/5.9.2/junit-jupiter-5.9.2.jar:/home/rafael/.m2/repository/org/junit/jupiter/junit-jupiter-api/5.9.2/junit-jupiter-api-5.9.2.jar:/home/rafael/.m2/repository/org/opentest4j/opentest4j/1.2.0/opentest4j-1.2.0.jar:/home/rafael/.m2/repository/org/junit/platform/junit-platform-commons/1.9.2/junit-platform-commons-1.9.2.jar:/home/rafael/.m2/repository/org/apiguardian/apiguardian-api/1.1.2/apiguardian-api-1.1.2.jar:/home/rafael/.m2/repository/org/junit/jupiter/junit-jupiter-params/5.9.2/junit-jupiter-params-5.9.2.jar:/home/rafael/.m2/repository/org/junit/jupiter/junit-jupiter-engine/5.9.2/junit-jupiter-engine-5.9.2.jar:/home/rafael/.m2/repository/org/junit/platform/junit-platform-engine/1.9.2/junit-platform-engine-1.9.2.jar:/home/rafael/.m2/repository/org/hamcrest/hamcrest-all/1.3/hamcrest-all-1.3.jar:/home/rafael/.m2/repository/org/mockito/mockito-junit-jupiter/5.1.1/mockito-junit-jupiter-5.1.1.jar:/home/rafael/.m2/repository/org/mockito/mockito-core/5.1.1/mockito-core-5.1.1.jar:/home/rafael/.m2/repository/net/bytebuddy/byte-buddy/1.12.22/byte-buddy-1.12.22.jar:/home/rafael/.m2/repository/net/bytebuddy/byte-buddy-agent/1.12.22/byte-buddy-agent-1.12.22.jar:/home/rafael/.m2/repository/org/objenesis/objenesis/3.3/objenesis-3.3.jar:/home/rafael/.m2/repository/org/slf4j/slf4j-api/2.0.6/slf4j-api-2.0.6.jar:/home/rafael/.m2/repository/ch/qos/logback/logback-classic/1.4.5/logback-classic-1.4.5.jar:/home/rafael/.m2/repository/ch/qos/logback/logback-core/1.4.5/logback-core-1.4.5.jar:/home/rafael/.m2/repository/org/apache/httpcomponents/httpclient/4.5.13/httpclient-4.5.13.jar:/home/rafael/.m2/repository/org/apache/httpcomponents/httpcore/4.4.13/httpcore-4.4.13.jar:/home/rafael/.m2/repository/commons-logging/commons-logging/1.2/commons-logging-1.2.jar:/home/rafael/.m2/repository/commons-codec/commons-codec/1.11/commons-codec-1.11.jar:/home/rafael/.m2/repository/com/googlecode/json-simple/json-simple/1.1.1/json-simple-1.1.1.jar:/home/rafael/.m2/repository/junit/junit/4.10/junit-4.10.jar:/home/rafael/.m2/repository/org/hamcrest/hamcrest-core/1.1/hamcrest-core-1.1.jar:"/>
    <property name="java.vm.vendor" value="Debian"/>
    <property name="sun.arch.data.model" value="64"/>
    <property name="java.vendor.url" value="https://tracker.debian.org/openjdk-17"/>
    <property name="user.timezone" value="Europe/Lisbon"/>
    <property name="os.name" value="Linux"/>
    <property name="java.vm.specification.version" value="17"/>
    <property name="sun.java.launcher" value="SUN_STANDARD"/>
    <property name="user.country" value="PT"/>
    <property name="sun.boot.library.path" value="/usr/lib/jvm/java-17-openjdk-amd64/lib"/>
    <property name="sun.java.command" value="/home/rafael/Documentos/TQS_107476/lab_2/lab2_3/gs-mockForHttpClient/target/surefire/surefirebooter-20240228165317767_3.jar /home/rafael/Documentos/TQS_107476/lab_2/lab2_3/gs-mockForHttpClient/target/surefire 2024-02-28T16-53-17_511-jvmRun1 surefire-20240228165317767_1tmp surefire_0-20240228165317767_2tmp"/>
    <property name="jdk.debug" value="release"/>
    <property name="surefire.test.class.path" value="/home/rafael/Documentos/TQS_107476/lab_2/lab2_3/gs-mockForHttpClient/target/test-classes:/home/rafael/Documentos/TQS_107476/lab_2/lab2_3/gs-mockForHttpClient/target/classes:/home/rafael/.m2/repository/org/junit/jupiter/junit-jupiter/5.9.2/junit-jupiter-5.9.2.jar:/home/rafael/.m2/repository/org/junit/jupiter/junit-jupiter-api/5.9.2/junit-jupiter-api-5.9.2.jar:/home/rafael/.m2/repository/org/opentest4j/opentest4j/1.2.0/opentest4j-1.2.0.jar:/home/rafael/.m2/repository/org/junit/platform/junit-platform-commons/1.9.2/junit-platform-commons-1.9.2.jar:/home/rafael/.m2/repository/org/apiguardian/apiguardian-api/1.1.2/apiguardian-api-1.1.2.jar:/home/rafael/.m2/repository/org/junit/jupiter/junit-jupiter-params/5.9.2/junit-jupiter-params-5.9.2.jar:/home/rafael/.m2/repository/org/junit/jupiter/junit-jupiter-engine/5.9.2/junit-jupiter-engine-5.9.2.jar:/home/rafael/.m2/repository/org/junit/platform/junit-platform-engine/1.9.2/junit-platform-engine-1.9.2.jar:/home/rafael/.m2/repository/org/hamcrest/hamcrest-all/1.3/hamcrest-all-1.3.jar:/home/rafael/.m2/repository/org/mockito/mockito-junit-jupiter/5.1.1/mockito-junit-jupiter-5.1.1.jar:/home/rafael/.m2/repository/org/mockito/mockito-core/5.1.1/mockito-core-5.1.1.jar:/home/rafael/.m2/repository/net/bytebuddy/byte-buddy/1.12.22/byte-buddy-1.12.22.jar:/home/rafael/.m2/repository/net/bytebuddy/byte-buddy-agent/1.12.22/byte-buddy-agent-1.12.22.jar:/home/rafael/.m2/repository/org/objenesis/objenesis/3.3/objenesis-3.3.jar:/home/rafael/.m2/repository/org/slf4j/slf4j-api/2.0.6/slf4j-api-2.0.6.jar:/home/rafael/.m2/repository/ch/qos/logback/logback-classic/1.4.5/logback-classic-1.4.5.jar:/home/rafael/.m2/repository/ch/qos/logback/logback-core/1.4.5/logback-core-1.4.5.jar:/home/rafael/.m2/repository/org/apache/httpcomponents/httpclient/4.5.13/httpclient-4.5.13.jar:/home/rafael/.m2/repository/org/apache/httpcomponents/httpcore/4.4.13/httpcore-4.4.13.jar:/home/rafael/.m2/repository/commons-logging/commons-logging/1.2/commons-logging-1.2.jar:/home/rafael/.m2/repository/commons-codec/commons-codec/1.11/commons-codec-1.11.jar:/home/rafael/.m2/repository/com/googlecode/json-simple/json-simple/1.1.1/json-simple-1.1.1.jar:/home/rafael/.m2/repository/junit/junit/4.10/junit-4.10.jar:/home/rafael/.m2/repository/org/hamcrest/hamcrest-core/1.1/hamcrest-core-1.1.jar:"/>
    <property name="sun.cpu.endian" value="little"/>
    <property name="user.home" value="/home/rafael"/>
    <property name="user.language" value="pt"/>
    <property name="java.specification.vendor" value="Oracle Corporation"/>
    <property name="java.version.date" value="2024-01-16"/>
    <property name="java.home" value="/usr/lib/jvm/java-17-openjdk-amd64"/>
    <property name="file.separator" value="/"/>
    <property name="basedir" value="/home/rafael/Documentos/TQS_107476/lab_2/lab2_3/gs-mockForHttpClient"/>
    <property name="java.vm.compressedOopsMode" value="Zero based"/>
    <property name="line.separator" value="&#10;"/>
    <property name="java.vm.specification.vendor" value="Oracle Corporation"/>
    <property name="java.specification.name" value="Java Platform API Specification"/>
    <property name="surefire.real.class.path" value="/home/rafael/Documentos/TQS_107476/lab_2/lab2_3/gs-mockForHttpClient/target/surefire/surefirebooter-20240228165317767_3.jar"/>
    <property name="sun.management.compiler" value="HotSpot 64-Bit Tiered Compilers"/>
    <property name="java.runtime.version" value="17.0.10+7-Debian-1deb12u1"/>
    <property name="user.name" value="rafael"/>
    <property name="path.separator" value=":"/>
    <property name="os.version" value="6.1.0-18-amd64"/>
    <property name="java.runtime.name" value="OpenJDK Runtime Environment"/>
    <property name="file.encoding" value="UTF-8"/>
    <property name="java.vm.name" value="OpenJDK 64-Bit Server VM"/>
    <property name="localRepository" value="/home/rafael/.m2/repository"/>
    <property name="java.vendor.url.bug" value="https://bugs.debian.org/openjdk-17"/>
    <property name="java.io.tmpdir" value="/tmp"/>
    <property name="idea.version" value="2023.3.4"/>
    <property name="java.version" value="17.0.10"/>
    <property name="user.dir" value="/home/rafael/Documentos/TQS_107476/lab_2/lab2_3/gs-mockForHttpClient"/>
    <property name="os.arch" value="amd64"/>
    <property name="java.vm.specification.name" value="Java Virtual Machine Specification"/>
    <property name="native.encoding" value="UTF-8"/>
    <property name="java.library.path" value="/usr/java/packages/lib:/usr/lib/x86_64-linux-gnu/jni:/lib/x86_64-linux-gnu:/usr/lib/x86_64-linux-gnu:/usr/lib/jni:/lib:/usr/lib"/>
    <property name="java.vm.info" value="mixed mode, sharing"/>
    <property name="java.vendor" value="Debian"/>
    <property name="java.vm.version" value="17.0.10+7-Debian-1deb12u1"/>
    <property name="sun.io.unicode.encoding" value="UnicodeLittle"/>
    <property name="java.class.version" value="61.0"/>
  </properties>
  <testcase name="whenBadCoordidates_thenReturnNoValidAddress" classname="geocoding.AddressResolverTest" time="0.636">
    <system-err><![CDATA[fev. 28, 2024 4:53:18 DA TARDE geocoding.AddressResolverService findAddressForLocation
INFO: {
  "info": {
    "statuscode": 400,
    "copyright": {
      "text": "© 2024 MapQuest, Inc.",
      "imageUrl": "http://api.mqcdn.com/res/mqlogo.gif",
      "imageAltText": "© 2024 MapQuest, Inc."
    },
    "messages": [
      "Illegal argument from request: Invalid LatLng specified."
    ]
  },
  "options": {
    "maxResults": 1,
    "ignoreLatLngInput": false
  },
  "results": [
    {
      "providedLocation": {},
      "locations": []
    }
  ]
}
]]></system-err>
  </testcase>
  <testcase name="whenResolveDetiGps_returnJacintoMagalhaeAddress" classname="geocoding.AddressResolverTest" time="0.01">
    <system-err><![CDATA[fev. 28, 2024 4:53:18 DA TARDE geocoding.AddressResolverService findAddressForLocation
INFO: {
  "info": {
    "statuscode": 0,
    "copyright": {
      "text": "© 2024 MapQuest, Inc.",
      "imageUrl": "https://api.mqcdn.com/res/mqlogo.gif",
      "imageAltText": "© 2024 MapQuest, Inc."
    },
    "messages": []
  },
  "options": {
    "maxResults": 1,
    "thumbMaps": true,
    "ignoreLatLngInput": false
  },
  "results": [
    {
      "providedLocation": {
        "latLng": {
          "lat": 30.333472,
          "lng": -81.470448
        }
      },
      "locations": [
        {
          "street": "Avenida da Universidade",
          "adminArea6": "",
          "adminArea6Type": "Neighborhood",
          "adminArea5": "Aveiro",
          "adminArea5Type": "City",
          "adminArea4": "Duval",
          "adminArea4Type": "County",
          "adminArea3": "FL",
          "adminArea3Type": "State",
          "adminArea1": "US",
          "adminArea1Type": "Country",
          "postalCode": "3810-489",
          "geocodeQualityCode": "L1AAA",
          "geocodeQuality": "ADDRESS",
          "dragPoint": false,
          "sideOfStreet": "R",
          "linkId": "0",
          "unknownInput": "",
          "type": "s",
          "latLng": {
            "lat": 30.33472,
            "lng": -81.470448
          },
          "displayLatLng": {
            "lat": 30.333472,
            "lng": -81.470448
          },
          "mapUrl": "https://www.mapquestapi.com/staticmap/v4/getmap?key=KEY&type=map&size=225,160&pois=purple-1,30.3334721,-81.4704483,0,0,|&center=30.3334721,-81.4704483&zoom=15&rand=-553163060",
          "nearestIntersection": {
            "streetDisplayName": "Posey Cir",
            "distanceMeters": "851755.1608527573",
            "latLng": {
              "longitude": -87.523761,
              "latitude": 35.013434
            },
            "label": "Danley Rd & Posey Cir"
          },
          "roadMetadata": {
            "speedLimitUnits": "mph",
            "tollRoad": null,
            "speedLimit": 40
          }
        }
      ]
    }
  ]
}
]]></system-err>
  </testcase>
</testsuite>